{"/Users/axel/Documents/dev/testingHotel/booking/bookings.js": {"path":"/Users/axel/Documents/dev/testingHotel/booking/bookings.js","statementMap":{"0":{"start":{"line":2,"column":19},"end":{"line":33,"column":1}},"1":{"start":{"line":36,"column":25},"end":{"line":36,"column":27}},"2":{"start":{"line":37,"column":21},"end":{"line":37,"column":26}},"3":{"start":{"line":38,"column":4},"end":{"line":46,"column":5}},"4":{"start":{"line":39,"column":8},"end":{"line":45,"column":9}},"5":{"start":{"line":40,"column":26},"end":{"line":40,"column":50}},"6":{"start":{"line":41,"column":12},"end":{"line":44,"column":13}},"7":{"start":{"line":42,"column":16},"end":{"line":42,"column":97}},"8":{"start":{"line":43,"column":16},"end":{"line":43,"column":34}},"9":{"start":{"line":47,"column":4},"end":{"line":49,"column":5}},"10":{"start":{"line":48,"column":8},"end":{"line":48,"column":63}},"11":{"start":{"line":50,"column":4},"end":{"line":50,"column":24}},"12":{"start":{"line":53,"column":0},"end":{"line":53,"column":37}}},"fnMap":{"0":{"name":"getBookedHotels","decl":{"start":{"line":35,"column":9},"end":{"line":35,"column":24}},"loc":{"start":{"line":35,"column":27},"end":{"line":51,"column":1}},"line":35}},"branchMap":{"0":{"loc":{"start":{"line":39,"column":8},"end":{"line":45,"column":9}},"type":"if","locations":[{"start":{"line":39,"column":8},"end":{"line":45,"column":9}},{"start":{},"end":{}}],"line":39},"1":{"loc":{"start":{"line":41,"column":12},"end":{"line":44,"column":13}},"type":"if","locations":[{"start":{"line":41,"column":12},"end":{"line":44,"column":13}},{"start":{},"end":{}}],"line":41},"2":{"loc":{"start":{"line":47,"column":4},"end":{"line":49,"column":5}},"type":"if","locations":[{"start":{"line":47,"column":4},"end":{"line":49,"column":5}},{"start":{},"end":{}}],"line":47}},"s":{"0":1,"1":2,"2":2,"3":2,"4":6,"5":6,"6":6,"7":2,"8":2,"9":2,"10":0,"11":2,"12":1},"f":{"0":2},"b":{"0":[6,0],"1":[2,4],"2":[0,2]},"_coverageSchema":"1a1c01bbd47fc00a2c39e90264f33305004495a9","hash":"a69bce06fddad9fe78447455b6e2c7b7837affb6"}
,"/Users/axel/Documents/dev/testingHotel/hotel/hotels.js": {"path":"/Users/axel/Documents/dev/testingHotel/hotel/hotels.js","statementMap":{"0":{"start":{"line":2,"column":19},"end":{"line":6,"column":1}},"1":{"start":{"line":9,"column":4},"end":{"line":11,"column":5}},"2":{"start":{"line":10,"column":8},"end":{"line":10,"column":50}},"3":{"start":{"line":12,"column":4},"end":{"line":12,"column":37}},"4":{"start":{"line":15,"column":0},"end":{"line":15,"column":34}}},"fnMap":{"0":{"name":"getHotelList","decl":{"start":{"line":8,"column":9},"end":{"line":8,"column":21}},"loc":{"start":{"line":8,"column":24},"end":{"line":13,"column":1}},"line":8}},"branchMap":{"0":{"loc":{"start":{"line":9,"column":4},"end":{"line":11,"column":5}},"type":"if","locations":[{"start":{"line":9,"column":4},"end":{"line":11,"column":5}},{"start":{},"end":{}}],"line":9}},"s":{"0":1,"1":1,"2":0,"3":1,"4":1},"f":{"0":1},"b":{"0":[0,1]},"_coverageSchema":"1a1c01bbd47fc00a2c39e90264f33305004495a9","hash":"43bea508fb205d6011812c0cf1e4c944fdcf218e"}
,"/Users/axel/Documents/dev/testingHotel/picture/pictures.js": {"path":"/Users/axel/Documents/dev/testingHotel/picture/pictures.js","statementMap":{"0":{"start":{"line":2,"column":19},"end":{"line":30,"column":1}},"1":{"start":{"line":33,"column":18},"end":{"line":33,"column":39}},"2":{"start":{"line":34,"column":4},"end":{"line":36,"column":5}},"3":{"start":{"line":35,"column":8},"end":{"line":35,"column":48}},"4":{"start":{"line":37,"column":4},"end":{"line":37,"column":14}},"5":{"start":{"line":40,"column":0},"end":{"line":40,"column":36}}},"fnMap":{"0":{"name":"getHotelPhotos","decl":{"start":{"line":32,"column":9},"end":{"line":32,"column":23}},"loc":{"start":{"line":32,"column":35},"end":{"line":38,"column":1}},"line":32}},"branchMap":{"0":{"loc":{"start":{"line":34,"column":4},"end":{"line":36,"column":5}},"type":"if","locations":[{"start":{"line":34,"column":4},"end":{"line":36,"column":5}},{"start":{},"end":{}}],"line":34},"1":{"loc":{"start":{"line":34,"column":8},"end":{"line":34,"column":33}},"type":"binary-expr","locations":[{"start":{"line":34,"column":8},"end":{"line":34,"column":13}},{"start":{"line":34,"column":17},"end":{"line":34,"column":33}}],"line":34}},"s":{"0":1,"1":1,"2":1,"3":1,"4":0,"5":1},"f":{"0":1},"b":{"0":[1,0],"1":[1,1]},"_coverageSchema":"1a1c01bbd47fc00a2c39e90264f33305004495a9","hash":"978a69b7420db08c7dbf1a959abd332d10ed346d"}
,"/Users/axel/Documents/dev/testingHotel/reservation/reservations.js": {"path":"/Users/axel/Documents/dev/testingHotel/reservation/reservations.js","statementMap":{"0":{"start":{"line":2,"column":25},"end":{"line":6,"column":1}},"1":{"start":{"line":9,"column":4},"end":{"line":9,"column":43}},"2":{"start":{"line":12,"column":0},"end":{"line":12,"column":40}}},"fnMap":{"0":{"name":"getReservationList","decl":{"start":{"line":8,"column":9},"end":{"line":8,"column":27}},"loc":{"start":{"line":8,"column":30},"end":{"line":10,"column":1}},"line":8}},"branchMap":{},"s":{"0":1,"1":1,"2":1},"f":{"0":1},"b":{},"_coverageSchema":"1a1c01bbd47fc00a2c39e90264f33305004495a9","hash":"7a70d01590f0fb017f1de3130ab07678a18ce64f"}
}
