TN:
SF:bookings.js
FN:34,getBookedHotels
FNF:1
FNH:1
FNDA:1,getBookedHotels
DA:1,1
DA:35,1
DA:36,1
DA:37,1
DA:38,3
DA:39,3
DA:40,3
DA:41,1
DA:42,1
DA:46,1
DA:47,0
DA:49,1
DA:52,1
LF:13
LH:12
BRDA:38,0,0,3
BRDA:38,0,1,0
BRDA:40,1,0,1
BRDA:40,1,1,2
BRDA:46,2,0,0
BRDA:46,2,1,1
BRF:6
BRH:4
end_of_record
TN:
SF:function.js
FN:5,(anonymous_0)
FN:9,(anonymous_1)
FN:13,(anonymous_2)
FN:17,(anonymous_3)
FN:21,(anonymous_4)
FNF:5
FNH:4
FNDA:2,(anonymous_0)
FNDA:1,(anonymous_1)
FNDA:1,(anonymous_2)
FNDA:2,(anonymous_3)
FNDA:0,(anonymous_4)
DA:1,1
DA:2,1
DA:3,1
DA:5,1
DA:6,2
DA:9,1
DA:10,1
DA:13,1
DA:14,1
DA:17,1
DA:18,2
DA:21,1
DA:22,0
DA:25,1
LF:14
LH:13
BRF:0
BRH:0
end_of_record
TN:
SF:hotels.js
FN:7,getHotelList
FNF:1
FNH:1
FNDA:1,getHotelList
DA:1,1
DA:8,1
DA:9,0
DA:11,1
DA:14,1
LF:5
LH:4
BRDA:8,0,0,0
BRDA:8,0,1,1
BRF:2
BRH:1
end_of_record
TN:
SF:pictures.js
FN:31,getHotelPhotos
FNF:1
FNH:1
FNDA:1,getHotelPhotos
DA:1,1
DA:32,1
DA:33,1
DA:34,1
DA:36,0
DA:39,1
LF:6
LH:5
BRDA:33,0,0,1
BRDA:33,0,1,0
BRDA:33,1,0,1
BRDA:33,1,1,1
BRF:4
BRH:3
end_of_record
TN:
SF:reservations.js
FN:7,getReservationList
FNF:1
FNH:1
FNDA:1,getReservationList
DA:1,1
DA:8,1
DA:11,1
LF:3
LH:3
BRF:0
BRH:0
end_of_record
