TN:
SF:booking/bookings.js
FN:35,getBookedHotels
FNF:1
FNH:1
FNDA:2,getBookedHotels
DA:2,1
DA:36,2
DA:37,2
DA:38,2
DA:39,6
DA:40,6
DA:41,6
DA:42,2
DA:43,2
DA:47,2
DA:48,0
DA:50,2
DA:53,1
LF:13
LH:12
BRDA:39,0,0,6
BRDA:39,0,1,0
BRDA:41,1,0,2
BRDA:41,1,1,4
BRDA:47,2,0,0
BRDA:47,2,1,2
BRF:6
BRH:4
end_of_record
TN:
SF:hotel/hotels.js
FN:8,getHotelList
FNF:1
FNH:1
FNDA:1,getHotelList
DA:2,1
DA:9,1
DA:10,0
DA:12,1
DA:15,1
LF:5
LH:4
BRDA:9,0,0,0
BRDA:9,0,1,1
BRF:2
BRH:1
end_of_record
TN:
SF:picture/pictures.js
FN:32,getHotelPhotos
FNF:1
FNH:1
FNDA:1,getHotelPhotos
DA:2,1
DA:33,1
DA:34,1
DA:35,1
DA:37,0
DA:40,1
LF:6
LH:5
BRDA:34,0,0,1
BRDA:34,0,1,0
BRDA:34,1,0,1
BRDA:34,1,1,1
BRF:4
BRH:3
end_of_record
TN:
SF:reservation/reservations.js
FN:8,getReservationList
FNF:1
FNH:1
FNDA:1,getReservationList
DA:2,1
DA:9,1
DA:12,1
LF:3
LH:3
BRF:0
BRH:0
end_of_record
